<?xml version="1.0" encoding="UTF-8"?>
<!-- Generated by org.testng.reporters.JUnitReportReporter -->
<testsuite hostname="Hp" failures="0" tests="2" name="pkg.Sample" time="9.533" errors="0" timestamp="2024-04-12T16:25:26 IST" skipped="0">
  <testcase classname="pkg.Sample" name="sample" time="0.001"/>
  <testcase classname="pkg.Sample" name="login" time="9.532"/>
</testsuite> <!-- pkg.Sample -->
