<?xml version="1.0" encoding="UTF-8"?>
<!-- Generated by org.testng.reporters.JUnitReportReporter -->
<testsuite hostname="Hp" failures="0" tests="3" name="pkg.Tech" time="165.944" errors="0" timestamp="2024-04-12T18:20:11 IST" skipped="0">
  <testcase classname="pkg.Tech" name="TestApp" time="40.534"/>
  <testcase classname="pkg.Tech" name="FindCountry" time="63.409"/>
  <testcase classname="pkg.Tech" name="oddRow" time="62.001"/>
</testsuite> <!-- pkg.Tech -->
